<?xml version="1.0" encoding="UTF-8"?>
<!-- Generated by org.testng.reporters.JUnitXMLReporter -->
<testsuite hostname="DESKTOP-F4G95SR" ignored="2" name="Test" tests="2" failures="0" timestamp="2019-11-14T11:05:36 IST" time="0.082" errors="0">
  <testcase name="testCreateCustomer" time="0.008" classname="Demo5.CreateCustomer"/>
  <testcase name="testCreateProject" time="0.002" classname="Demo5.CreateProject"/>
  <testcase name="@AfterTest closeBrowser" time="0.0" classname="Demo5.A">
    <ignored/>
  </testcase> <!-- @AfterTest closeBrowser -->
  <testcase name="@BeforeTest OpenBrowser" time="0.0" classname="Demo5.A">
    <ignored/>
  </testcase> <!-- @BeforeTest OpenBrowser -->
</testsuite> <!-- Test -->
